<?xml version="1.0" encoding="UTF-8"?>
<testsuite name="entityGrid.EntityGridFrameworkTest" tests="7" skipped="0" failures="0" errors="0" timestamp="2024-10-25T01:31:38" hostname="Elyass-MBP.home" time="4.551">
  <properties/>
  <testcase name="testEntityResolver()" classname="entityGrid.EntityGridFrameworkTest" time="2.467"/>
  <testcase name="testEntityResolver2()" classname="entityGrid.EntityGridFrameworkTest" time="0.332"/>
  <testcase name="testGetAnnotatedDocument()" classname="entityGrid.EntityGridFrameworkTest" time="0.117"/>
  <testcase name="testIdentifyEntitiesBerlin()" classname="entityGrid.EntityGridFrameworkTest" time="0.108"/>
  <testcase name="testIdentifyEntitiesCity()" classname="entityGrid.EntityGridFrameworkTest" time="0.1"/>
  <testcase name="testXmlExtractDocs1()" classname="entityGrid.EntityGridFrameworkTest" time="0.363"/>
  <testcase name="testXmlExtractDocs2()" classname="entityGrid.EntityGridFrameworkTest" time="1.056"/>
  <system-out><![CDATA[21:31:38.186 [Test worker] DEBUG edu.stanford.nlp.pipeline.StanfordCoreNLP - ssplit is now included as part of the tokenize annotator by default
21:31:38.190 [Test worker] DEBUG edu.stanford.nlp.pipeline.StanfordCoreNLP - Updating annotators from tokenize, ssplit, pos, lemma, parse to tokenize,  pos, lemma, parse
21:31:38.206 [Test worker] INFO edu.stanford.nlp.pipeline.StanfordCoreNLP - Adding annotator tokenize
21:31:38.217 [Test worker] INFO edu.stanford.nlp.pipeline.StanfordCoreNLP - Adding annotator pos
21:31:39.105 [Test worker] INFO edu.stanford.nlp.tagger.maxent.MaxentTagger - Loading POS tagger from edu/stanford/nlp/models/pos-tagger/english-left3words-distsim.tagger ... done [0.9 sec].
21:31:39.106 [Test worker] INFO edu.stanford.nlp.pipeline.StanfordCoreNLP - Adding annotator lemma
21:31:39.108 [Test worker] INFO edu.stanford.nlp.pipeline.StanfordCoreNLP - Adding annotator parse
21:31:39.900 [Test worker] INFO edu.stanford.nlp.parser.common.ParserGrammar - Loading parser from serialized file edu/stanford/nlp/models/lexparser/englishPCFG.ser.gz ... done [0.8 sec].
ENTITIES: {city=[{1=X}, {2=S}], Berlin=[{0=O}, {1=S}], Germany=[{1=X}]}
21:31:40.582 [Test worker] DEBUG edu.stanford.nlp.pipeline.StanfordCoreNLP - ssplit is now included as part of the tokenize annotator by default
21:31:40.582 [Test worker] DEBUG edu.stanford.nlp.pipeline.StanfordCoreNLP - Updating annotators from tokenize, ssplit, pos, lemma, parse to tokenize,  pos, lemma, parse
21:31:40.585 [Test worker] INFO edu.stanford.nlp.pipeline.StanfordCoreNLP - Adding annotator tokenize
21:31:40.585 [Test worker] INFO edu.stanford.nlp.pipeline.StanfordCoreNLP - Adding annotator pos
21:31:40.586 [Test worker] INFO edu.stanford.nlp.pipeline.StanfordCoreNLP - Adding annotator lemma
21:31:40.586 [Test worker] INFO edu.stanford.nlp.pipeline.StanfordCoreNLP - Adding annotator parse
ENTITIES: {cloud=[{0=X}], unit=[{0=X}], electron=[{0=X}], nucleus=[{0=X}], atom=[{0=S}], matter=[{0=X}]}
[[X, X, X, X, S, X]]
counts: 1 5 0
21:31:40.915 [Test worker] DEBUG edu.stanford.nlp.pipeline.StanfordCoreNLP - ssplit is now included as part of the tokenize annotator by default
21:31:40.915 [Test worker] DEBUG edu.stanford.nlp.pipeline.StanfordCoreNLP - Updating annotators from tokenize, ssplit, pos, lemma, parse to tokenize,  pos, lemma, parse
21:31:40.918 [Test worker] INFO edu.stanford.nlp.pipeline.StanfordCoreNLP - Adding annotator tokenize
21:31:40.919 [Test worker] INFO edu.stanford.nlp.pipeline.StanfordCoreNLP - Adding annotator pos
21:31:40.919 [Test worker] INFO edu.stanford.nlp.pipeline.StanfordCoreNLP - Adding annotator lemma
21:31:40.919 [Test worker] INFO edu.stanford.nlp.pipeline.StanfordCoreNLP - Adding annotator parse
21:31:41.034 [Test worker] DEBUG edu.stanford.nlp.pipeline.StanfordCoreNLP - ssplit is now included as part of the tokenize annotator by default
21:31:41.034 [Test worker] DEBUG edu.stanford.nlp.pipeline.StanfordCoreNLP - Updating annotators from tokenize, ssplit, pos, lemma, parse to tokenize,  pos, lemma, parse
21:31:41.036 [Test worker] INFO edu.stanford.nlp.pipeline.StanfordCoreNLP - Adding annotator tokenize
21:31:41.037 [Test worker] INFO edu.stanford.nlp.pipeline.StanfordCoreNLP - Adding annotator pos
21:31:41.037 [Test worker] INFO edu.stanford.nlp.pipeline.StanfordCoreNLP - Adding annotator lemma
21:31:41.037 [Test worker] INFO edu.stanford.nlp.pipeline.StanfordCoreNLP - Adding annotator parse
berlin occurrences[{0=O}, {1=S}]
21:31:41.144 [Test worker] DEBUG edu.stanford.nlp.pipeline.StanfordCoreNLP - ssplit is now included as part of the tokenize annotator by default
21:31:41.144 [Test worker] DEBUG edu.stanford.nlp.pipeline.StanfordCoreNLP - Updating annotators from tokenize, ssplit, pos, lemma, parse to tokenize,  pos, lemma, parse
21:31:41.146 [Test worker] INFO edu.stanford.nlp.pipeline.StanfordCoreNLP - Adding annotator tokenize
21:31:41.147 [Test worker] INFO edu.stanford.nlp.pipeline.StanfordCoreNLP - Adding annotator pos
21:31:41.147 [Test worker] INFO edu.stanford.nlp.pipeline.StanfordCoreNLP - Adding annotator lemma
21:31:41.147 [Test worker] INFO edu.stanford.nlp.pipeline.StanfordCoreNLP - Adding annotator parse
{city=[{1=X}, {2=S}], Berlin=[{0=O}, {1=S}], Germany=[{1=X}]}
city occurrences[{1=X}, {2=S}]
21:31:41.245 [Test worker] DEBUG edu.stanford.nlp.pipeline.StanfordCoreNLP - ssplit is now included as part of the tokenize annotator by default
21:31:41.245 [Test worker] DEBUG edu.stanford.nlp.pipeline.StanfordCoreNLP - Updating annotators from tokenize, ssplit, pos, lemma, parse to tokenize,  pos, lemma, parse
21:31:41.247 [Test worker] INFO edu.stanford.nlp.pipeline.StanfordCoreNLP - Adding annotator tokenize
21:31:41.248 [Test worker] INFO edu.stanford.nlp.pipeline.StanfordCoreNLP - Adding annotator pos
21:31:41.248 [Test worker] INFO edu.stanford.nlp.pipeline.StanfordCoreNLP - Adding annotator lemma
21:31:41.248 [Test worker] INFO edu.stanford.nlp.pipeline.StanfordCoreNLP - Adding annotator parse
ENTITIES: {eurozone=[{0=X}], price=[{0=X}], zoom=[{0=O}], force=[{0=X}], inflation=[{0=S}], food=[{0=X}], speed=[{0=X}]}
21:31:41.609 [Test worker] DEBUG edu.stanford.nlp.pipeline.StanfordCoreNLP - ssplit is now included as part of the tokenize annotator by default
21:31:41.609 [Test worker] DEBUG edu.stanford.nlp.pipeline.StanfordCoreNLP - Updating annotators from tokenize, ssplit, pos, lemma, parse to tokenize,  pos, lemma, parse
21:31:41.612 [Test worker] INFO edu.stanford.nlp.pipeline.StanfordCoreNLP - Adding annotator tokenize
21:31:41.612 [Test worker] INFO edu.stanford.nlp.pipeline.StanfordCoreNLP - Adding annotator pos
21:31:41.612 [Test worker] INFO edu.stanford.nlp.pipeline.StanfordCoreNLP - Adding annotator lemma
21:31:41.613 [Test worker] INFO edu.stanford.nlp.pipeline.StanfordCoreNLP - Adding annotator parse
ENTITIES: {Fidesz=[{0=X}], December=[{0=X}], period=[{0=X}], socialist=[{1=X}], crisis=[{0=S}], Gallup=[{0=X}, {1=S}], Government=[{0=X}], low=[{1=X}], time=[{1=X}], support=[{0=S}, {1=O}], percent=[{1=X}], base=[{1=O}]}
ENTITIES: {ballot=[{0=O}], comparison=[{0=X}], election=[{0=X}], Sunday=[{0=X}], determination=[{1=X}], percent=[{0=S}], referendum=[{1=S}]}
]]></system-out>
  <system-err><![CDATA[]]></system-err>
</testsuite>
