<?xml version="1.0" encoding="UTF-8"?>
<testsuite name="entityGrid.EntityGridExtractorTest" tests="1" skipped="0" failures="0" errors="0" timestamp="2024-09-23T20:49:03" hostname="Elyass-MBP.home" time="1.768">
  <properties/>
  <testcase name="testEntityResolver4()" classname="entityGrid.EntityGridExtractorTest" time="1.768"/>
  <system-out><![CDATA[16:49:03.360 [Test worker] DEBUG edu.stanford.nlp.pipeline.StanfordCoreNLP - ssplit is now included as part of the tokenize annotator by default
16:49:03.363 [Test worker] DEBUG edu.stanford.nlp.pipeline.StanfordCoreNLP - Updating annotators from tokenize, ssplit, pos, lemma, parse to tokenize,  pos, lemma, parse
16:49:03.371 [Test worker] INFO edu.stanford.nlp.pipeline.StanfordCoreNLP - Adding annotator tokenize
16:49:03.377 [Test worker] INFO edu.stanford.nlp.pipeline.StanfordCoreNLP - Adding annotator pos
16:49:04.040 [Test worker] INFO edu.stanford.nlp.tagger.maxent.MaxentTagger - Loading POS tagger from edu/stanford/nlp/models/pos-tagger/english-left3words-distsim.tagger ... done [0.7 sec].
16:49:04.041 [Test worker] INFO edu.stanford.nlp.pipeline.StanfordCoreNLP - Adding annotator lemma
16:49:04.041 [Test worker] INFO edu.stanford.nlp.pipeline.StanfordCoreNLP - Adding annotator parse
16:49:04.678 [Test worker] INFO edu.stanford.nlp.parser.common.ParserGrammar - Loading parser from serialized file edu/stanford/nlp/models/lexparser/englishPCFG.ser.gz ... done [0.6 sec].
lemma: EU
entityOccurrences: null
Added new occurrence for EU at index 0 with role X
lemma: study
entityOccurrences: null
Added new occurrence for study at index 0 with role O
lemma: cars
entityOccurrences: null
Added new occurrence for cars at index 0 with role S
lemma: feature
entityOccurrences: null
Added new occurrence for feature at index 0 with role O
lemma: accidents
entityOccurrences: null
Added new occurrence for accidents at index 0 with role S
lemma: pedestrians
entityOccurrences: null
Added new occurrence for pedestrians at index 0 with role O
lemma: year
entityOccurrences: null
Added new occurrence for year at index 0 with role X
ENTITIES: {EU=[{0=X}], cars=[{0=S}], study=[{0=O}], feature=[{0=O}], year=[{0=X}], pedestrians=[{0=O}], accidents=[{0=S}]}
]]></system-out>
  <system-err><![CDATA[]]></system-err>
</testsuite>
